2020-04-18 21:37:41,009 INFO org.springframework.boot.StartupInfoLogger [restartedMain] Starting ObaPortalApplication on ruben-laptop with PID 19605 (/data/projects/oba-portal/target/classes started by ruben in /data/projects/oba-portal)
2020-04-18 21:37:41,011 INFO org.springframework.boot.SpringApplication [restartedMain] The following profiles are active: local
2020-04-18 21:37:41,037 INFO org.springframework.boot.logging.DeferredLog [restartedMain] Devtools property defaults active! Set 'spring.devtools.add-properties' to 'false' to disable
2020-04-18 21:37:41,037 INFO org.springframework.boot.logging.DeferredLog [restartedMain] For additional web related logging consider setting the 'logging.level.web' property to 'DEBUG'
2020-04-18 21:37:42,079 INFO org.springframework.boot.web.embedded.tomcat.TomcatWebServer [restartedMain] Tomcat initialized with port(s): 8080 (http)
2020-04-18 21:37:42,093 INFO org.apache.juli.logging.DirectJDKLog [restartedMain] Initializing ProtocolHandler ["http-nio-8080"]
2020-04-18 21:37:42,102 INFO org.apache.juli.logging.DirectJDKLog [restartedMain] Starting service [Tomcat]
2020-04-18 21:37:42,102 INFO org.apache.juli.logging.DirectJDKLog [restartedMain] Starting Servlet engine: [Apache Tomcat/9.0.21]
2020-04-18 21:37:42,165 INFO org.apache.juli.logging.DirectJDKLog [restartedMain] Initializing Spring embedded WebApplicationContext
2020-04-18 21:37:42,165 INFO org.springframework.boot.web.servlet.context.ServletWebServerApplicationContext [restartedMain] Root WebApplicationContext: initialization completed in 1128 ms
2020-04-18 21:37:42,245 INFO com.obaccelerator.common.spring.ParameterStorePropertySource [restartedMain] Fetching parameter ext_obaportal.db.user from AWS Parameter Store
2020-04-18 21:37:42,666 INFO com.obaccelerator.common.spring.ParameterStorePropertySource [restartedMain] Fetching parameter ext_obaportal.db.password from AWS Parameter Store
2020-04-18 21:37:42,725 INFO com.obaccelerator.common.spring.ParameterStorePropertySource [restartedMain] Fetching parameter ext_oba-portal-backend-tls.keystore.password from AWS Parameter Store
2020-04-18 21:37:42,773 INFO com.obaccelerator.common.spring.ParameterStorePropertySource [restartedMain] Fetching parameter ext_oba-portal-backend-tls.truststore.password from AWS Parameter Store
2020-04-18 21:37:42,823 INFO com.obaccelerator.common.spring.ParameterStorePropertySource [restartedMain] Fetching parameter ext_oba-portal-client-tls.keystore.password from AWS Parameter Store
2020-04-18 21:37:43,125 INFO org.springframework.boot.autoconfigure.security.servlet.UserDetailsServiceAutoConfiguration [restartedMain] 

Using generated security password: 705ce692-1621-4360-8b18-6b42b2811e96

2020-04-18 21:37:43,198 INFO org.springframework.security.web.DefaultSecurityFilterChain [restartedMain] Creating filter chain: any request, [org.springframework.security.web.context.request.async.WebAsyncManagerIntegrationFilter@68a6172c, org.springframework.security.web.context.SecurityContextPersistenceFilter@ea40232, org.springframework.security.web.header.HeaderWriterFilter@6cc93d43, org.springframework.security.web.authentication.logout.LogoutFilter@3cd42100, org.springframework.security.web.authentication.UsernamePasswordAuthenticationFilter@53985ad7, org.springframework.security.web.savedrequest.RequestCacheAwareFilter@3400b0e7, org.springframework.security.web.servletapi.SecurityContextHolderAwareRequestFilter@38d431e7, org.springframework.security.web.authentication.AnonymousAuthenticationFilter@15ff6e1a, org.springframework.security.web.session.SessionManagementFilter@c0649cd, org.springframework.security.web.access.ExceptionTranslationFilter@7d01c975, org.springframework.security.web.access.intercept.FilterSecurityInterceptor@27716663]
2020-04-18 21:37:43,321 INFO org.springframework.scheduling.concurrent.ExecutorConfigurationSupport [restartedMain] Initializing ExecutorService 'applicationTaskExecutor'
2020-04-18 21:37:43,509 INFO org.springframework.boot.devtools.autoconfigure.OptionalLiveReloadServer [restartedMain] LiveReload server is running on port 35729
2020-04-18 21:37:43,534 INFO org.apache.juli.logging.DirectJDKLog [restartedMain] Starting ProtocolHandler ["http-nio-8080"]
2020-04-18 21:37:43,548 INFO org.springframework.boot.web.embedded.tomcat.TomcatWebServer [restartedMain] Tomcat started on port(s): 8080 (http) with context path '/api'
2020-04-18 21:37:43,550 INFO org.springframework.boot.StartupInfoLogger [restartedMain] Started ObaPortalApplication in 3.296 seconds (JVM running for 4.118)
2020-04-18 21:39:54,858 INFO org.apache.juli.logging.DirectJDKLog [http-nio-8080-exec-1] Initializing Spring DispatcherServlet 'dispatcherServlet'
2020-04-18 21:39:54,859 INFO org.springframework.web.servlet.FrameworkServlet [http-nio-8080-exec-1] Initializing Servlet 'dispatcherServlet'
2020-04-18 21:39:54,873 INFO org.springframework.web.servlet.FrameworkServlet [http-nio-8080-exec-1] Completed initialization in 14 ms
2020-04-18 21:40:26,638 INFO com.obaccelerator.portal.id.UuidRepository [http-nio-8080-exec-2] Generated uuid 73dc13fe-81ac-11ea-b2ca-0028f8239c0e
2020-04-18 21:40:26,670 INFO com.obaccelerator.portal.session.SessionController [http-nio-8080-exec-2] Returning session 73dc13fe-81ac-11ea-b2ca-0028f8239c0e
2020-04-18 21:41:38,408 INFO com.obaccelerator.portal.id.UuidRepository [http-nio-8080-exec-5] Generated uuid 9ea356e8-81ac-11ea-b2ca-0028f8239c0e
2020-04-18 21:41:38,429 INFO com.obaccelerator.portal.session.SessionController [http-nio-8080-exec-5] Returning session 9ea356e8-81ac-11ea-b2ca-0028f8239c0e
